{"type":"server-started","port":64882,"host":"127.0.0.1","url_host":"localhost","url":"http://localhost:64882","screen_dir":"/Users/abhi/Documents/Coding Projects/GenWallDecor/.superpowers/brainstorm/37566-1774828656/content","state_dir":"/Users/abhi/Documents/Coding Projects/GenWallDecor/.superpowers/brainstorm/37566-1774828656/state"}
{"type":"screen-added","file":"/Users/abhi/Documents/Coding Projects/GenWallDecor/.superpowers/brainstorm/37566-1774828656/content/landing-v2.html"}
{"type":"screen-added","file":"/Users/abhi/Documents/Coding Projects/GenWallDecor/.superpowers/brainstorm/37566-1774828656/content/landing-v3.html"}
{"type":"server-stopped","reason":"idle timeout"}
{"type":"server-started","port":61239,"host":"127.0.0.1","url_host":"localhost","url":"http://localhost:61239","screen_dir":"/tmp/brainstorm"}
{"type":"server-started","port":64882,"host":"127.0.0.1","url_host":"localhost","url":"http://localhost:64882","screen_dir":"/Users/abhi/Documents/Coding Projects/GenWallDecor/.superpowers/brainstorm/37566-1774828656/content"}
{"type":"screen-added","file":"/Users/abhi/Documents/Coding Projects/GenWallDecor/.superpowers/brainstorm/37566-1774828656/content/landing-v5.html"}
node:events:496
      throw er; // Unhandled 'error' event
      ^

Error: listen EADDRINUSE: address already in use 127.0.0.1:64882
    at Server.setupListenHandle [as _listen2] (node:net:1897:16)
    at listenInCluster (node:net:1945:12)
    at doListen (node:net:2109:7)
    at process.processTicksAndRejections (node:internal/process/task_queues:83:21)
Emitted 'error' event on Server instance at:
    at emitErrorNT (node:net:1924:8)
    at process.processTicksAndRejections (node:internal/process/task_queues:82:21) {
  code: 'EADDRINUSE',
  errno: -48,
  syscall: 'listen',
  address: '127.0.0.1',
  port: 64882
}

Node.js v20.12.1
{"type":"server-started","port":64882,"host":"127.0.0.1","url_host":"localhost","url":"http://localhost:64882","screen_dir":"/Users/abhi/Documents/Coding Projects/GenWallDecor/.superpowers/brainstorm/37566-1774828656/content"}
{"type":"screen-updated","file":"/Users/abhi/Documents/Coding Projects/GenWallDecor/.superpowers/brainstorm/37566-1774828656/content/landing-v5.html"}
{"type":"screen-added","file":"/Users/abhi/Documents/Coding Projects/GenWallDecor/.superpowers/brainstorm/37566-1774828656/content/landing-v6.html"}
{"type":"screen-updated","file":"/Users/abhi/Documents/Coding Projects/GenWallDecor/.superpowers/brainstorm/37566-1774828656/content/landing-v6.html"}
{"type":"screen-updated","file":"/Users/abhi/Documents/Coding Projects/GenWallDecor/.superpowers/brainstorm/37566-1774828656/content/landing-v6.html"}
{"type":"screen-updated","file":"/Users/abhi/Documents/Coding Projects/GenWallDecor/.superpowers/brainstorm/37566-1774828656/content/landing-v6.html"}
{"type":"screen-updated","file":"/Users/abhi/Documents/Coding Projects/GenWallDecor/.superpowers/brainstorm/37566-1774828656/content/landing-v6.html"}
{"type":"screen-updated","file":"/Users/abhi/Documents/Coding Projects/GenWallDecor/.superpowers/brainstorm/37566-1774828656/content/landing-v6.html"}
{"type":"screen-updated","file":"/Users/abhi/Documents/Coding Projects/GenWallDecor/.superpowers/brainstorm/37566-1774828656/content/landing-v6.html"}
{"type":"screen-updated","file":"/Users/abhi/Documents/Coding Projects/GenWallDecor/.superpowers/brainstorm/37566-1774828656/content/landing-v6.html"}
{"type":"screen-updated","file":"/Users/abhi/Documents/Coding Projects/GenWallDecor/.superpowers/brainstorm/37566-1774828656/content/landing-v6.html"}
{"type":"screen-updated","file":"/Users/abhi/Documents/Coding Projects/GenWallDecor/.superpowers/brainstorm/37566-1774828656/content/landing-v6.html"}
{"type":"screen-updated","file":"/Users/abhi/Documents/Coding Projects/GenWallDecor/.superpowers/brainstorm/37566-1774828656/content/landing-v6.html"}
{"type":"screen-updated","file":"/Users/abhi/Documents/Coding Projects/GenWallDecor/.superpowers/brainstorm/37566-1774828656/content/landing-v6.html"}
{"type":"screen-updated","file":"/Users/abhi/Documents/Coding Projects/GenWallDecor/.superpowers/brainstorm/37566-1774828656/content/landing-v6.html"}
{"type":"screen-updated","file":"/Users/abhi/Documents/Coding Projects/GenWallDecor/.superpowers/brainstorm/37566-1774828656/content/landing-v6.html"}
{"type":"screen-updated","file":"/Users/abhi/Documents/Coding Projects/GenWallDecor/.superpowers/brainstorm/37566-1774828656/content/landing-v6.html"}
{"type":"server-stopped","reason":"idle timeout"}
